2023-01-22T22:57:22.655+03:00  INFO 11508 --- [restartedMain] .PatikadevSpringBootTutorialsApplication : Starting PatikadevSpringBootTutorialsApplication using Java 17.0.5 with PID 11508 (C:\Users\halil\Github\Patikadev_Spring_Boot_Tutorials\target\classes started by halil in C:\Users\halil\Github\Patikadev_Spring_Boot_Tutorials)
2023-01-22T22:57:22.658+03:00  INFO 11508 --- [restartedMain] .PatikadevSpringBootTutorialsApplication : No active profile set, falling back to 1 default profile: "default"
2023-01-22T22:57:22.725+03:00  INFO 11508 --- [restartedMain] .e.DevToolsPropertyDefaultsPostProcessor : Devtools property defaults active! Set 'spring.devtools.add-properties' to 'false' to disable
2023-01-22T22:57:22.725+03:00  INFO 11508 --- [restartedMain] .e.DevToolsPropertyDefaultsPostProcessor : For additional web related logging consider setting the 'logging.level.web' property to 'DEBUG'
2023-01-22T22:57:23.546+03:00  INFO 11508 --- [restartedMain] .s.d.r.c.RepositoryConfigurationDelegate : Multiple Spring Data modules found, entering strict repository configuration mode
2023-01-22T22:57:23.548+03:00  INFO 11508 --- [restartedMain] .s.d.r.c.RepositoryConfigurationDelegate : Bootstrapping Spring Data JDBC repositories in DEFAULT mode.
2023-01-22T22:57:23.566+03:00  INFO 11508 --- [restartedMain] .s.d.r.c.RepositoryConfigurationDelegate : Finished Spring Data repository scanning in 13 ms. Found 0 JDBC repository interfaces.
2023-01-22T22:57:23.578+03:00  INFO 11508 --- [restartedMain] .s.d.r.c.RepositoryConfigurationDelegate : Multiple Spring Data modules found, entering strict repository configuration mode
2023-01-22T22:57:23.579+03:00  INFO 11508 --- [restartedMain] .s.d.r.c.RepositoryConfigurationDelegate : Bootstrapping Spring Data JPA repositories in DEFAULT mode.
2023-01-22T22:57:23.584+03:00  INFO 11508 --- [restartedMain] .s.d.r.c.RepositoryConfigurationDelegate : Finished Spring Data repository scanning in 1 ms. Found 0 JPA repository interfaces.
2023-01-22T22:57:24.184+03:00  INFO 11508 --- [restartedMain] o.s.b.w.embedded.tomcat.TomcatWebServer  : Tomcat initialized with port(s): 8080 (http)
2023-01-22T22:57:24.194+03:00  INFO 11508 --- [restartedMain] o.apache.catalina.core.StandardService   : Starting service [Tomcat]
2023-01-22T22:57:24.194+03:00  INFO 11508 --- [restartedMain] o.apache.catalina.core.StandardEngine    : Starting Servlet engine: [Apache Tomcat/10.1.5]
2023-01-22T22:57:24.259+03:00  INFO 11508 --- [restartedMain] o.a.c.c.C.[Tomcat].[localhost].[/]       : Initializing Spring embedded WebApplicationContext
2023-01-22T22:57:24.260+03:00  INFO 11508 --- [restartedMain] w.s.c.ServletWebServerApplicationContext : Root WebApplicationContext: initialization completed in 1534 ms
2023-01-22T22:57:24.320+03:00  WARN 11508 --- [restartedMain] ConfigServletWebServerApplicationContext : Exception encountered during context initialization - cancelling refresh attempt: org.springframework.beans.factory.UnsatisfiedDependencyException: Error creating bean with name 'dataSourceScriptDatabaseInitializer' defined in class path resource [org/springframework/boot/autoconfigure/sql/init/DataSourceInitializationConfiguration.class]: Unsatisfied dependency expressed through method 'dataSourceScriptDatabaseInitializer' parameter 0: Error creating bean with name 'dataSource' defined in class path resource [org/springframework/boot/autoconfigure/jdbc/DataSourceConfiguration$Hikari.class]: Failed to instantiate [com.zaxxer.hikari.HikariDataSource]: Factory method 'dataSource' threw exception with message: Failed to determine a suitable driver class
2023-01-22T22:57:24.322+03:00  INFO 11508 --- [restartedMain] o.apache.catalina.core.StandardService   : Stopping service [Tomcat]
2023-01-22T22:57:24.340+03:00  INFO 11508 --- [restartedMain] .s.b.a.l.ConditionEvaluationReportLogger : 

Error starting ApplicationContext. To display the condition evaluation report re-run your application with 'debug' enabled.
2023-01-22T22:57:24.362+03:00 ERROR 11508 --- [restartedMain] o.s.b.d.LoggingFailureAnalysisReporter   : 

***************************
APPLICATION FAILED TO START
***************************

Description:

Failed to configure a DataSource: 'url' attribute is not specified and no embedded datasource could be configured.

Reason: Failed to determine a suitable driver class


Action:

Consider the following:
	If you want an embedded database (H2, HSQL or Derby), please put it on the classpath.
	If you have database settings to be loaded from a particular profile you may need to activate it (no profiles are currently active).

2023-01-22T22:58:33.625+03:00  INFO 16276 --- [restartedMain] .PatikadevSpringBootTutorialsApplication : Starting PatikadevSpringBootTutorialsApplication using Java 17.0.5 with PID 16276 (C:\Users\halil\Github\Patikadev_Spring_Boot_Tutorials\target\classes started by halil in C:\Users\halil\Github\Patikadev_Spring_Boot_Tutorials)
2023-01-22T22:58:33.628+03:00  INFO 16276 --- [restartedMain] .PatikadevSpringBootTutorialsApplication : No active profile set, falling back to 1 default profile: "default"
2023-01-22T22:58:33.680+03:00  INFO 16276 --- [restartedMain] .e.DevToolsPropertyDefaultsPostProcessor : Devtools property defaults active! Set 'spring.devtools.add-properties' to 'false' to disable
2023-01-22T22:58:33.680+03:00  INFO 16276 --- [restartedMain] .e.DevToolsPropertyDefaultsPostProcessor : For additional web related logging consider setting the 'logging.level.web' property to 'DEBUG'
2023-01-22T22:58:34.337+03:00  INFO 16276 --- [restartedMain] .s.d.r.c.RepositoryConfigurationDelegate : Multiple Spring Data modules found, entering strict repository configuration mode
2023-01-22T22:58:34.339+03:00  INFO 16276 --- [restartedMain] .s.d.r.c.RepositoryConfigurationDelegate : Bootstrapping Spring Data JDBC repositories in DEFAULT mode.
2023-01-22T22:58:34.354+03:00  INFO 16276 --- [restartedMain] .s.d.r.c.RepositoryConfigurationDelegate : Finished Spring Data repository scanning in 10 ms. Found 0 JDBC repository interfaces.
2023-01-22T22:58:34.364+03:00  INFO 16276 --- [restartedMain] .s.d.r.c.RepositoryConfigurationDelegate : Multiple Spring Data modules found, entering strict repository configuration mode
2023-01-22T22:58:34.366+03:00  INFO 16276 --- [restartedMain] .s.d.r.c.RepositoryConfigurationDelegate : Bootstrapping Spring Data JPA repositories in DEFAULT mode.
2023-01-22T22:58:34.371+03:00  INFO 16276 --- [restartedMain] .s.d.r.c.RepositoryConfigurationDelegate : Finished Spring Data repository scanning in 1 ms. Found 0 JPA repository interfaces.
2023-01-22T22:58:34.937+03:00  INFO 16276 --- [restartedMain] o.s.b.w.embedded.tomcat.TomcatWebServer  : Tomcat initialized with port(s): 8080 (http)
2023-01-22T22:58:34.949+03:00  INFO 16276 --- [restartedMain] o.apache.catalina.core.StandardService   : Starting service [Tomcat]
2023-01-22T22:58:34.949+03:00  INFO 16276 --- [restartedMain] o.apache.catalina.core.StandardEngine    : Starting Servlet engine: [Apache Tomcat/10.1.5]
2023-01-22T22:58:35.017+03:00  INFO 16276 --- [restartedMain] o.a.c.c.C.[Tomcat].[localhost].[/]       : Initializing Spring embedded WebApplicationContext
2023-01-22T22:58:35.018+03:00  INFO 16276 --- [restartedMain] w.s.c.ServletWebServerApplicationContext : Root WebApplicationContext: initialization completed in 1337 ms
2023-01-22T22:58:35.086+03:00  WARN 16276 --- [restartedMain] ConfigServletWebServerApplicationContext : Exception encountered during context initialization - cancelling refresh attempt: org.springframework.beans.factory.UnsatisfiedDependencyException: Error creating bean with name 'dataSourceScriptDatabaseInitializer' defined in class path resource [org/springframework/boot/autoconfigure/sql/init/DataSourceInitializationConfiguration.class]: Unsatisfied dependency expressed through method 'dataSourceScriptDatabaseInitializer' parameter 0: Error creating bean with name 'dataSource' defined in class path resource [org/springframework/boot/autoconfigure/jdbc/DataSourceConfiguration$Hikari.class]: Failed to instantiate [com.zaxxer.hikari.HikariDataSource]: Factory method 'dataSource' threw exception with message: Failed to determine a suitable driver class
2023-01-22T22:58:35.089+03:00  INFO 16276 --- [restartedMain] o.apache.catalina.core.StandardService   : Stopping service [Tomcat]
2023-01-22T22:58:35.106+03:00  INFO 16276 --- [restartedMain] .s.b.a.l.ConditionEvaluationReportLogger : 

Error starting ApplicationContext. To display the condition evaluation report re-run your application with 'debug' enabled.
2023-01-22T22:58:35.127+03:00 ERROR 16276 --- [restartedMain] o.s.b.d.LoggingFailureAnalysisReporter   : 

***************************
APPLICATION FAILED TO START
***************************

Description:

Failed to configure a DataSource: 'url' attribute is not specified and no embedded datasource could be configured.

Reason: Failed to determine a suitable driver class


Action:

Consider the following:
	If you want an embedded database (H2, HSQL or Derby), please put it on the classpath.
	If you have database settings to be loaded from a particular profile you may need to activate it (no profiles are currently active).

2023-01-22T23:00:20.306+03:00  INFO 2472 --- [restartedMain] .PatikadevSpringBootTutorialsApplication : Starting PatikadevSpringBootTutorialsApplication using Java 17.0.5 with PID 2472 (C:\Users\halil\Github\Patikadev_Spring_Boot_Tutorials\target\classes started by halil in C:\Users\halil\Github\Patikadev_Spring_Boot_Tutorials)
2023-01-22T23:00:20.309+03:00  INFO 2472 --- [restartedMain] .PatikadevSpringBootTutorialsApplication : No active profile set, falling back to 1 default profile: "default"
2023-01-22T23:00:20.361+03:00  INFO 2472 --- [restartedMain] .e.DevToolsPropertyDefaultsPostProcessor : Devtools property defaults active! Set 'spring.devtools.add-properties' to 'false' to disable
2023-01-22T23:00:20.361+03:00  INFO 2472 --- [restartedMain] .e.DevToolsPropertyDefaultsPostProcessor : For additional web related logging consider setting the 'logging.level.web' property to 'DEBUG'
2023-01-22T23:00:20.997+03:00  INFO 2472 --- [restartedMain] .s.d.r.c.RepositoryConfigurationDelegate : Multiple Spring Data modules found, entering strict repository configuration mode
2023-01-22T23:00:20.999+03:00  INFO 2472 --- [restartedMain] .s.d.r.c.RepositoryConfigurationDelegate : Bootstrapping Spring Data JDBC repositories in DEFAULT mode.
2023-01-22T23:00:21.014+03:00  INFO 2472 --- [restartedMain] .s.d.r.c.RepositoryConfigurationDelegate : Finished Spring Data repository scanning in 11 ms. Found 0 JDBC repository interfaces.
2023-01-22T23:00:21.025+03:00  INFO 2472 --- [restartedMain] .s.d.r.c.RepositoryConfigurationDelegate : Multiple Spring Data modules found, entering strict repository configuration mode
2023-01-22T23:00:21.026+03:00  INFO 2472 --- [restartedMain] .s.d.r.c.RepositoryConfigurationDelegate : Bootstrapping Spring Data JPA repositories in DEFAULT mode.
2023-01-22T23:00:21.030+03:00  INFO 2472 --- [restartedMain] .s.d.r.c.RepositoryConfigurationDelegate : Finished Spring Data repository scanning in 1 ms. Found 0 JPA repository interfaces.
2023-01-22T23:00:21.585+03:00  INFO 2472 --- [restartedMain] o.s.b.w.embedded.tomcat.TomcatWebServer  : Tomcat initialized with port(s): 8080 (http)
2023-01-22T23:00:21.595+03:00  INFO 2472 --- [restartedMain] o.apache.catalina.core.StandardService   : Starting service [Tomcat]
2023-01-22T23:00:21.595+03:00  INFO 2472 --- [restartedMain] o.apache.catalina.core.StandardEngine    : Starting Servlet engine: [Apache Tomcat/10.1.5]
2023-01-22T23:00:21.658+03:00  INFO 2472 --- [restartedMain] o.a.c.c.C.[Tomcat].[localhost].[/]       : Initializing Spring embedded WebApplicationContext
2023-01-22T23:00:21.659+03:00  INFO 2472 --- [restartedMain] w.s.c.ServletWebServerApplicationContext : Root WebApplicationContext: initialization completed in 1298 ms
2023-01-22T23:00:21.717+03:00  WARN 2472 --- [restartedMain] ConfigServletWebServerApplicationContext : Exception encountered during context initialization - cancelling refresh attempt: org.springframework.beans.factory.UnsatisfiedDependencyException: Error creating bean with name 'dataSourceScriptDatabaseInitializer' defined in class path resource [org/springframework/boot/autoconfigure/sql/init/DataSourceInitializationConfiguration.class]: Unsatisfied dependency expressed through method 'dataSourceScriptDatabaseInitializer' parameter 0: Error creating bean with name 'dataSource' defined in class path resource [org/springframework/boot/autoconfigure/jdbc/DataSourceConfiguration$Hikari.class]: Failed to instantiate [com.zaxxer.hikari.HikariDataSource]: Factory method 'dataSource' threw exception with message: Failed to determine a suitable driver class
2023-01-22T23:00:21.721+03:00  INFO 2472 --- [restartedMain] o.apache.catalina.core.StandardService   : Stopping service [Tomcat]
2023-01-22T23:00:21.737+03:00  INFO 2472 --- [restartedMain] .s.b.a.l.ConditionEvaluationReportLogger : 

Error starting ApplicationContext. To display the condition evaluation report re-run your application with 'debug' enabled.
2023-01-22T23:00:21.760+03:00 ERROR 2472 --- [restartedMain] o.s.b.d.LoggingFailureAnalysisReporter   : 

***************************
APPLICATION FAILED TO START
***************************

Description:

Failed to configure a DataSource: 'url' attribute is not specified and no embedded datasource could be configured.

Reason: Failed to determine a suitable driver class


Action:

Consider the following:
	If you want an embedded database (H2, HSQL or Derby), please put it on the classpath.
	If you have database settings to be loaded from a particular profile you may need to activate it (no profiles are currently active).

2023-01-22T23:01:28.343+03:00  INFO 6892 --- [restartedMain] .PatikadevSpringBootTutorialsApplication : Starting PatikadevSpringBootTutorialsApplication using Java 17.0.5 with PID 6892 (C:\Users\halil\Github\Patikadev_Spring_Boot_Tutorials\target\classes started by halil in C:\Users\halil\Github\Patikadev_Spring_Boot_Tutorials)
2023-01-22T23:01:28.346+03:00  INFO 6892 --- [restartedMain] .PatikadevSpringBootTutorialsApplication : No active profile set, falling back to 1 default profile: "default"
2023-01-22T23:01:28.396+03:00  INFO 6892 --- [restartedMain] .e.DevToolsPropertyDefaultsPostProcessor : Devtools property defaults active! Set 'spring.devtools.add-properties' to 'false' to disable
2023-01-22T23:01:28.397+03:00  INFO 6892 --- [restartedMain] .e.DevToolsPropertyDefaultsPostProcessor : For additional web related logging consider setting the 'logging.level.web' property to 'DEBUG'
2023-01-22T23:01:29.084+03:00  INFO 6892 --- [restartedMain] .s.d.r.c.RepositoryConfigurationDelegate : Multiple Spring Data modules found, entering strict repository configuration mode
2023-01-22T23:01:29.085+03:00  INFO 6892 --- [restartedMain] .s.d.r.c.RepositoryConfigurationDelegate : Bootstrapping Spring Data JDBC repositories in DEFAULT mode.
2023-01-22T23:01:29.101+03:00  INFO 6892 --- [restartedMain] .s.d.r.c.RepositoryConfigurationDelegate : Finished Spring Data repository scanning in 11 ms. Found 0 JDBC repository interfaces.
2023-01-22T23:01:29.113+03:00  INFO 6892 --- [restartedMain] .s.d.r.c.RepositoryConfigurationDelegate : Multiple Spring Data modules found, entering strict repository configuration mode
2023-01-22T23:01:29.114+03:00  INFO 6892 --- [restartedMain] .s.d.r.c.RepositoryConfigurationDelegate : Bootstrapping Spring Data JPA repositories in DEFAULT mode.
2023-01-22T23:01:29.118+03:00  INFO 6892 --- [restartedMain] .s.d.r.c.RepositoryConfigurationDelegate : Finished Spring Data repository scanning in 1 ms. Found 0 JPA repository interfaces.
2023-01-22T23:01:29.743+03:00  INFO 6892 --- [restartedMain] o.s.b.w.embedded.tomcat.TomcatWebServer  : Tomcat initialized with port(s): 8080 (http)
2023-01-22T23:01:29.752+03:00  INFO 6892 --- [restartedMain] o.apache.catalina.core.StandardService   : Starting service [Tomcat]
2023-01-22T23:01:29.753+03:00  INFO 6892 --- [restartedMain] o.apache.catalina.core.StandardEngine    : Starting Servlet engine: [Apache Tomcat/10.1.5]
2023-01-22T23:01:29.822+03:00  INFO 6892 --- [restartedMain] o.a.c.c.C.[Tomcat].[localhost].[/]       : Initializing Spring embedded WebApplicationContext
2023-01-22T23:01:29.822+03:00  INFO 6892 --- [restartedMain] w.s.c.ServletWebServerApplicationContext : Root WebApplicationContext: initialization completed in 1425 ms
2023-01-22T23:01:29.885+03:00  WARN 6892 --- [restartedMain] ConfigServletWebServerApplicationContext : Exception encountered during context initialization - cancelling refresh attempt: org.springframework.beans.factory.UnsatisfiedDependencyException: Error creating bean with name 'dataSourceScriptDatabaseInitializer' defined in class path resource [org/springframework/boot/autoconfigure/sql/init/DataSourceInitializationConfiguration.class]: Unsatisfied dependency expressed through method 'dataSourceScriptDatabaseInitializer' parameter 0: Error creating bean with name 'dataSource' defined in class path resource [org/springframework/boot/autoconfigure/jdbc/DataSourceConfiguration$Hikari.class]: Failed to instantiate [com.zaxxer.hikari.HikariDataSource]: Factory method 'dataSource' threw exception with message: Failed to determine a suitable driver class
2023-01-22T23:01:29.888+03:00  INFO 6892 --- [restartedMain] o.apache.catalina.core.StandardService   : Stopping service [Tomcat]
2023-01-22T23:01:29.902+03:00  INFO 6892 --- [restartedMain] .s.b.a.l.ConditionEvaluationReportLogger : 

Error starting ApplicationContext. To display the condition evaluation report re-run your application with 'debug' enabled.
2023-01-22T23:01:29.921+03:00 ERROR 6892 --- [restartedMain] o.s.b.d.LoggingFailureAnalysisReporter   : 

***************************
APPLICATION FAILED TO START
***************************

Description:

Failed to configure a DataSource: 'url' attribute is not specified and no embedded datasource could be configured.

Reason: Failed to determine a suitable driver class


Action:

Consider the following:
	If you want an embedded database (H2, HSQL or Derby), please put it on the classpath.
	If you have database settings to be loaded from a particular profile you may need to activate it (no profiles are currently active).

2023-01-22T23:03:47.067+03:00  INFO 9932 --- [restartedMain] .PatikadevSpringBootTutorialsApplication : Starting PatikadevSpringBootTutorialsApplication using Java 17.0.5 with PID 9932 (C:\Users\halil\Github\Patikadev_Spring_Boot_Tutorials\target\classes started by halil in C:\Users\halil\Github\Patikadev_Spring_Boot_Tutorials)
2023-01-22T23:03:47.070+03:00  INFO 9932 --- [restartedMain] .PatikadevSpringBootTutorialsApplication : No active profile set, falling back to 1 default profile: "default"
2023-01-22T23:03:47.122+03:00  INFO 9932 --- [restartedMain] .e.DevToolsPropertyDefaultsPostProcessor : Devtools property defaults active! Set 'spring.devtools.add-properties' to 'false' to disable
2023-01-22T23:03:47.122+03:00  INFO 9932 --- [restartedMain] .e.DevToolsPropertyDefaultsPostProcessor : For additional web related logging consider setting the 'logging.level.web' property to 'DEBUG'
2023-01-22T23:03:47.782+03:00  INFO 9932 --- [restartedMain] .s.d.r.c.RepositoryConfigurationDelegate : Multiple Spring Data modules found, entering strict repository configuration mode
2023-01-22T23:03:47.784+03:00  INFO 9932 --- [restartedMain] .s.d.r.c.RepositoryConfigurationDelegate : Bootstrapping Spring Data JDBC repositories in DEFAULT mode.
2023-01-22T23:03:47.799+03:00  INFO 9932 --- [restartedMain] .s.d.r.c.RepositoryConfigurationDelegate : Finished Spring Data repository scanning in 11 ms. Found 0 JDBC repository interfaces.
2023-01-22T23:03:47.810+03:00  INFO 9932 --- [restartedMain] .s.d.r.c.RepositoryConfigurationDelegate : Multiple Spring Data modules found, entering strict repository configuration mode
2023-01-22T23:03:47.811+03:00  INFO 9932 --- [restartedMain] .s.d.r.c.RepositoryConfigurationDelegate : Bootstrapping Spring Data JPA repositories in DEFAULT mode.
2023-01-22T23:03:47.815+03:00  INFO 9932 --- [restartedMain] .s.d.r.c.RepositoryConfigurationDelegate : Finished Spring Data repository scanning in 1 ms. Found 0 JPA repository interfaces.
2023-01-22T23:03:48.375+03:00  INFO 9932 --- [restartedMain] o.s.b.w.embedded.tomcat.TomcatWebServer  : Tomcat initialized with port(s): 8080 (http)
2023-01-22T23:03:48.385+03:00  INFO 9932 --- [restartedMain] o.apache.catalina.core.StandardService   : Starting service [Tomcat]
2023-01-22T23:03:48.386+03:00  INFO 9932 --- [restartedMain] o.apache.catalina.core.StandardEngine    : Starting Servlet engine: [Apache Tomcat/10.1.5]
2023-01-22T23:03:48.453+03:00  INFO 9932 --- [restartedMain] o.a.c.c.C.[Tomcat].[localhost].[/]       : Initializing Spring embedded WebApplicationContext
2023-01-22T23:03:48.454+03:00  INFO 9932 --- [restartedMain] w.s.c.ServletWebServerApplicationContext : Root WebApplicationContext: initialization completed in 1331 ms
2023-01-22T23:03:48.482+03:00  INFO 9932 --- [restartedMain] com.zaxxer.hikari.HikariDataSource       : HikariPool-1 - Starting...
2023-01-22T23:03:48.671+03:00  INFO 9932 --- [restartedMain] com.zaxxer.hikari.pool.HikariPool        : HikariPool-1 - Added connection conn0: url=jdbc:h2:mem:ba0e34d8-a768-4aa8-b48a-3faef8427fa3 user=SA
2023-01-22T23:03:48.673+03:00  INFO 9932 --- [restartedMain] com.zaxxer.hikari.HikariDataSource       : HikariPool-1 - Start completed.
2023-01-22T23:03:48.684+03:00  INFO 9932 --- [restartedMain] o.s.b.a.h2.H2ConsoleAutoConfiguration    : H2 console available at '/h2-console'. Database available at 'jdbc:h2:mem:ba0e34d8-a768-4aa8-b48a-3faef8427fa3'
2023-01-22T23:03:48.800+03:00  INFO 9932 --- [restartedMain] o.hibernate.jpa.internal.util.LogHelper  : HHH000204: Processing PersistenceUnitInfo [name: default]
2023-01-22T23:03:48.870+03:00  INFO 9932 --- [restartedMain] org.hibernate.Version                    : HHH000412: Hibernate ORM core version 6.1.6.Final
2023-01-22T23:03:49.043+03:00  WARN 9932 --- [restartedMain] org.hibernate.orm.deprecation            : HHH90000021: Encountered deprecated setting [javax.persistence.sharedCache.mode], use [jakarta.persistence.sharedCache.mode] instead
2023-01-22T23:03:49.190+03:00  INFO 9932 --- [restartedMain] SQL dialect                              : HHH000400: Using dialect: org.hibernate.dialect.H2Dialect
2023-01-22T23:03:49.464+03:00  INFO 9932 --- [restartedMain] o.h.e.t.j.p.i.JtaPlatformInitiator       : HHH000490: Using JtaPlatform implementation: [org.hibernate.engine.transaction.jta.platform.internal.NoJtaPlatform]
2023-01-22T23:03:49.475+03:00  INFO 9932 --- [restartedMain] j.LocalContainerEntityManagerFactoryBean : Initialized JPA EntityManagerFactory for persistence unit 'default'
2023-01-22T23:03:49.533+03:00  WARN 9932 --- [restartedMain] JpaBaseConfiguration$JpaWebConfiguration : spring.jpa.open-in-view is enabled by default. Therefore, database queries may be performed during view rendering. Explicitly configure spring.jpa.open-in-view to disable this warning
2023-01-22T23:03:50.060+03:00  WARN 9932 --- [restartedMain] ion$DefaultTemplateResolverConfiguration : Cannot find template location: classpath:/templates/ (please add some templates, check your Thymeleaf configuration, or set spring.thymeleaf.check-template-location=false)
2023-01-22T23:03:50.256+03:00  INFO 9932 --- [restartedMain] o.s.b.d.a.OptionalLiveReloadServer       : LiveReload server is running on port 35729
2023-01-22T23:03:50.301+03:00  INFO 9932 --- [restartedMain] o.s.b.w.embedded.tomcat.TomcatWebServer  : Tomcat started on port(s): 8080 (http) with context path ''
2023-01-22T23:03:50.311+03:00  INFO 9932 --- [restartedMain] .PatikadevSpringBootTutorialsApplication : Started PatikadevSpringBootTutorialsApplication in 3.706 seconds (process running for 4.941)
2023-01-22T23:04:03.642+03:00  INFO 9932 --- [http-nio-8080-exec-1] o.a.c.c.C.[Tomcat].[localhost].[/]       : Initializing Spring DispatcherServlet 'dispatcherServlet'
2023-01-22T23:04:03.642+03:00  INFO 9932 --- [http-nio-8080-exec-1] o.s.web.servlet.DispatcherServlet        : Initializing Servlet 'dispatcherServlet'
2023-01-22T23:04:03.645+03:00  INFO 9932 --- [http-nio-8080-exec-1] o.s.web.servlet.DispatcherServlet        : Completed initialization in 2 ms
2023-01-22T23:04:23.450+03:00  INFO 9932 --- [SpringApplicationShutdownHook] j.LocalContainerEntityManagerFactoryBean : Closing JPA EntityManagerFactory for persistence unit 'default'
2023-01-22T23:04:23.661+03:00  WARN 9932 --- [SpringApplicationShutdownHook] o.s.b.f.support.DisposableBeanAdapter    : Invocation of destroy method failed on bean with name 'inMemoryDatabaseShutdownExecutor': org.h2.jdbc.JdbcSQLNonTransientConnectionException: Database is already closed (to disable automatic closing at VM shutdown, add ";DB_CLOSE_ON_EXIT=FALSE" to the db URL) [90121-214]
2023-01-22T23:04:23.662+03:00  INFO 9932 --- [SpringApplicationShutdownHook] com.zaxxer.hikari.HikariDataSource       : HikariPool-1 - Shutdown initiated...
2023-01-22T23:04:23.665+03:00  INFO 9932 --- [SpringApplicationShutdownHook] com.zaxxer.hikari.HikariDataSource       : HikariPool-1 - Shutdown completed.
2023-01-22T23:04:28.622+03:00  INFO 4928 --- [restartedMain] .PatikadevSpringBootTutorialsApplication : Starting PatikadevSpringBootTutorialsApplication using Java 17.0.5 with PID 4928 (C:\Users\halil\Github\Patikadev_Spring_Boot_Tutorials\target\classes started by halil in C:\Users\halil\Github\Patikadev_Spring_Boot_Tutorials)
2023-01-22T23:04:28.624+03:00  INFO 4928 --- [restartedMain] .PatikadevSpringBootTutorialsApplication : No active profile set, falling back to 1 default profile: "default"
2023-01-22T23:04:28.687+03:00  INFO 4928 --- [restartedMain] .e.DevToolsPropertyDefaultsPostProcessor : Devtools property defaults active! Set 'spring.devtools.add-properties' to 'false' to disable
2023-01-22T23:04:28.687+03:00  INFO 4928 --- [restartedMain] .e.DevToolsPropertyDefaultsPostProcessor : For additional web related logging consider setting the 'logging.level.web' property to 'DEBUG'
2023-01-22T23:04:29.388+03:00  INFO 4928 --- [restartedMain] .s.d.r.c.RepositoryConfigurationDelegate : Multiple Spring Data modules found, entering strict repository configuration mode
2023-01-22T23:04:29.390+03:00  INFO 4928 --- [restartedMain] .s.d.r.c.RepositoryConfigurationDelegate : Bootstrapping Spring Data JDBC repositories in DEFAULT mode.
2023-01-22T23:04:29.405+03:00  INFO 4928 --- [restartedMain] .s.d.r.c.RepositoryConfigurationDelegate : Finished Spring Data repository scanning in 11 ms. Found 0 JDBC repository interfaces.
2023-01-22T23:04:29.422+03:00  INFO 4928 --- [restartedMain] .s.d.r.c.RepositoryConfigurationDelegate : Multiple Spring Data modules found, entering strict repository configuration mode
2023-01-22T23:04:29.423+03:00  INFO 4928 --- [restartedMain] .s.d.r.c.RepositoryConfigurationDelegate : Bootstrapping Spring Data JPA repositories in DEFAULT mode.
2023-01-22T23:04:29.428+03:00  INFO 4928 --- [restartedMain] .s.d.r.c.RepositoryConfigurationDelegate : Finished Spring Data repository scanning in 1 ms. Found 0 JPA repository interfaces.
2023-01-22T23:04:30.022+03:00  INFO 4928 --- [restartedMain] o.s.b.w.embedded.tomcat.TomcatWebServer  : Tomcat initialized with port(s): 8080 (http)
2023-01-22T23:04:30.032+03:00  INFO 4928 --- [restartedMain] o.apache.catalina.core.StandardService   : Starting service [Tomcat]
2023-01-22T23:04:30.032+03:00  INFO 4928 --- [restartedMain] o.apache.catalina.core.StandardEngine    : Starting Servlet engine: [Apache Tomcat/10.1.5]
2023-01-22T23:04:30.099+03:00  INFO 4928 --- [restartedMain] o.a.c.c.C.[Tomcat].[localhost].[/]       : Initializing Spring embedded WebApplicationContext
2023-01-22T23:04:30.099+03:00  INFO 4928 --- [restartedMain] w.s.c.ServletWebServerApplicationContext : Root WebApplicationContext: initialization completed in 1411 ms
2023-01-22T23:04:30.125+03:00  INFO 4928 --- [restartedMain] com.zaxxer.hikari.HikariDataSource       : HikariPool-1 - Starting...
2023-01-22T23:04:30.316+03:00  INFO 4928 --- [restartedMain] com.zaxxer.hikari.pool.HikariPool        : HikariPool-1 - Added connection conn0: url=jdbc:h2:mem:945ab9bc-010d-4467-b7ab-858dbbae6580 user=SA
2023-01-22T23:04:30.318+03:00  INFO 4928 --- [restartedMain] com.zaxxer.hikari.HikariDataSource       : HikariPool-1 - Start completed.
2023-01-22T23:04:30.329+03:00  INFO 4928 --- [restartedMain] o.s.b.a.h2.H2ConsoleAutoConfiguration    : H2 console available at '/h2-console'. Database available at 'jdbc:h2:mem:945ab9bc-010d-4467-b7ab-858dbbae6580'
2023-01-22T23:04:30.447+03:00  INFO 4928 --- [restartedMain] o.hibernate.jpa.internal.util.LogHelper  : HHH000204: Processing PersistenceUnitInfo [name: default]
2023-01-22T23:04:30.505+03:00  INFO 4928 --- [restartedMain] org.hibernate.Version                    : HHH000412: Hibernate ORM core version 6.1.6.Final
2023-01-22T23:04:30.674+03:00  WARN 4928 --- [restartedMain] org.hibernate.orm.deprecation            : HHH90000021: Encountered deprecated setting [javax.persistence.sharedCache.mode], use [jakarta.persistence.sharedCache.mode] instead
2023-01-22T23:04:30.807+03:00  INFO 4928 --- [restartedMain] SQL dialect                              : HHH000400: Using dialect: org.hibernate.dialect.H2Dialect
2023-01-22T23:04:31.081+03:00  INFO 4928 --- [restartedMain] o.h.e.t.j.p.i.JtaPlatformInitiator       : HHH000490: Using JtaPlatform implementation: [org.hibernate.engine.transaction.jta.platform.internal.NoJtaPlatform]
2023-01-22T23:04:31.092+03:00  INFO 4928 --- [restartedMain] j.LocalContainerEntityManagerFactoryBean : Initialized JPA EntityManagerFactory for persistence unit 'default'
2023-01-22T23:04:31.144+03:00  WARN 4928 --- [restartedMain] JpaBaseConfiguration$JpaWebConfiguration : spring.jpa.open-in-view is enabled by default. Therefore, database queries may be performed during view rendering. Explicitly configure spring.jpa.open-in-view to disable this warning
2023-01-22T23:04:31.698+03:00  WARN 4928 --- [restartedMain] ion$DefaultTemplateResolverConfiguration : Cannot find template location: classpath:/templates/ (please add some templates, check your Thymeleaf configuration, or set spring.thymeleaf.check-template-location=false)
2023-01-22T23:04:31.918+03:00  WARN 4928 --- [restartedMain] .s.s.UserDetailsServiceAutoConfiguration : 

Using generated security password: 8e9c054f-d955-4e60-aa6f-5065ebc90cd4

This generated password is for development use only. Your security configuration must be updated before running your application in production.

2023-01-22T23:04:32.038+03:00  INFO 4928 --- [restartedMain] o.s.s.web.DefaultSecurityFilterChain     : Will secure any request with [org.springframework.security.web.session.DisableEncodeUrlFilter@54c98b01, org.springframework.security.web.context.request.async.WebAsyncManagerIntegrationFilter@71dcd689, org.springframework.security.web.context.SecurityContextHolderFilter@5c6a5dac, org.springframework.security.web.header.HeaderWriterFilter@2d33d585, org.springframework.security.web.csrf.CsrfFilter@378ca032, org.springframework.security.web.authentication.logout.LogoutFilter@73a188ff, org.springframework.security.web.authentication.UsernamePasswordAuthenticationFilter@5bead4a8, org.springframework.security.web.authentication.ui.DefaultLoginPageGeneratingFilter@34bca12f, org.springframework.security.web.authentication.ui.DefaultLogoutPageGeneratingFilter@37c6e7d6, org.springframework.security.web.authentication.www.BasicAuthenticationFilter@7f0b4766, org.springframework.security.web.savedrequest.RequestCacheAwareFilter@2f6e7ed, org.springframework.security.web.servletapi.SecurityContextHolderAwareRequestFilter@575cf945, org.springframework.security.web.authentication.AnonymousAuthenticationFilter@644e903f, org.springframework.security.web.access.ExceptionTranslationFilter@61956bab, org.springframework.security.web.access.intercept.AuthorizationFilter@986ca80]
2023-01-22T23:04:32.089+03:00  INFO 4928 --- [restartedMain] o.s.b.d.a.OptionalLiveReloadServer       : LiveReload server is running on port 35729
2023-01-22T23:04:32.131+03:00  INFO 4928 --- [restartedMain] o.s.b.w.embedded.tomcat.TomcatWebServer  : Tomcat started on port(s): 8080 (http) with context path ''
2023-01-22T23:04:32.143+03:00  INFO 4928 --- [restartedMain] .PatikadevSpringBootTutorialsApplication : Started PatikadevSpringBootTutorialsApplication in 3.972 seconds (process running for 4.886)
2023-01-22T23:04:39.266+03:00  INFO 4928 --- [http-nio-8080-exec-1] o.a.c.c.C.[Tomcat].[localhost].[/]       : Initializing Spring DispatcherServlet 'dispatcherServlet'
2023-01-22T23:04:39.267+03:00  INFO 4928 --- [http-nio-8080-exec-1] o.s.web.servlet.DispatcherServlet        : Initializing Servlet 'dispatcherServlet'
2023-01-22T23:04:39.271+03:00  INFO 4928 --- [http-nio-8080-exec-1] o.s.web.servlet.DispatcherServlet        : Completed initialization in 3 ms
